0 info it worked if it ends with ok
1 verbose cli [ 'node', '/usr/local/bin/npm', 'install', 'opencv' ]
2 info using npm@2.1.5
3 info using node@v0.10.33
4 verbose node symlink /usr/local/bin/node
5 silly cache add args [ 'opencv', null ]
6 verbose cache add spec opencv
7 silly cache add parsed spec { raw: 'opencv',
7 silly cache add   scope: null,
7 silly cache add   name: 'opencv',
7 silly cache add   rawSpec: '',
7 silly cache add   spec: '*',
7 silly cache add   type: 'range' }
8 verbose addNamed opencv@*
9 silly addNamed semver.valid null
10 silly addNamed semver.validRange *
11 silly addNameRange { name: 'opencv', range: '*', hasData: false }
12 verbose mapToRegistry name opencv
13 verbose mapToRegistry uri https://registry.npmjs.org/opencv
14 verbose addNameRange registry:https://registry.npmjs.org/opencv not in flight; fetching
15 verbose request on initialization, where is /opencv
16 verbose request after pass 1, where is /opencv
17 verbose request url raw /opencv
18 verbose request resolving registry [ 'https://registry.npmjs.org/', './opencv' ]
19 verbose request after pass 2, where is https://registry.npmjs.org/opencv
20 verbose request no auth needed
21 info attempt registry request try #1 at 18:11:56
22 verbose request id 3126bbd474072d75
23 verbose etag "6GHLAO77YJTFFDKSOA697B03N"
24 http request GET https://registry.npmjs.org/opencv
25 http 304 https://registry.npmjs.org/opencv
26 silly registry.get cb [ 304,
26 silly registry.get   { date: 'Tue, 04 Nov 2014 18:11:57 GMT',
26 silly registry.get     server: 'Apache',
26 silly registry.get     via: '1.1 varnish',
26 silly registry.get     'last-modified': 'Tue, 04 Nov 2014 18:11:57 GMT',
26 silly registry.get     'cache-control': 'max-age=60',
26 silly registry.get     etag: '"6GHLAO77YJTFFDKSOA697B03N"',
26 silly registry.get     age: '53',
26 silly registry.get     'x-served-by': 'cache-lcy1130-LCY',
26 silly registry.get     'x-cache': 'HIT',
26 silly registry.get     'x-cache-hits': '1',
26 silly registry.get     'x-timer': 'S1415124717.587922,VS0,VE0',
26 silly registry.get     vary: 'Accept',
26 silly registry.get     'content-length': '0',
26 silly registry.get     'keep-alive': 'timeout=10, max=50',
26 silly registry.get     connection: 'Keep-Alive' } ]
27 verbose etag https://registry.npmjs.org/opencv from cache
28 silly addNameRange number 2 { name: 'opencv', range: '*', hasData: true }
29 silly addNameRange versions [ 'opencv',
29 silly addNameRange   [ '0.0.1',
29 silly addNameRange     '0.0.2',
29 silly addNameRange     '0.0.3',
29 silly addNameRange     '0.0.4',
29 silly addNameRange     '0.0.5',
29 silly addNameRange     '0.0.6',
29 silly addNameRange     '0.0.7',
29 silly addNameRange     '0.0.8',
29 silly addNameRange     '0.0.9',
29 silly addNameRange     '0.0.10',
29 silly addNameRange     '0.0.11',
29 silly addNameRange     '0.0.12',
29 silly addNameRange     '0.1.0',
29 silly addNameRange     '0.2.0',
29 silly addNameRange     '0.3.0',
29 silly addNameRange     '0.3.1',
29 silly addNameRange     '0.4.0',
29 silly addNameRange     '0.5.0',
29 silly addNameRange     '0.6.0',
29 silly addNameRange     '0.7.0',
29 silly addNameRange     '1.0.0' ] ]
30 verbose addNamed opencv@1.0.0
31 silly addNamed semver.valid 1.0.0
32 silly addNamed semver.validRange 1.0.0
33 silly cache afterAdd opencv@1.0.0
34 verbose afterAdd /Users/gazzwi86/.npm/opencv/1.0.0/package/package.json not in flight; writing
35 verbose afterAdd /Users/gazzwi86/.npm/opencv/1.0.0/package/package.json written
36 silly install resolved [ { name: 'opencv',
36 silly install resolved     description: 'Node Bindings to OpenCV',
36 silly install resolved     author: { name: 'Peter Braden', email: 'peterbraden@peterbraden.co.uk' },
36 silly install resolved     dependencies: { buffers: '0.1.1', nan: '^1.3.0' },
36 silly install resolved     version: '1.0.0',
36 silly install resolved     devDependencies: { vows: '*' },
36 silly install resolved     license: 'MIT',
36 silly install resolved     scripts:
36 silly install resolved      { build: 'node-gyp build',
36 silly install resolved        test: 'vows test/unit.js',
36 silly install resolved        install: 'node-gyp rebuild' },
36 silly install resolved     keywords: [ 'opencv', 'computer', 'vision', 'quadrocopter' ],
36 silly install resolved     main: './lib/opencv',
36 silly install resolved     repository:
36 silly install resolved      { type: 'git',
36 silly install resolved        url: 'https://github.com/peterbraden/node-opencv.git' },
36 silly install resolved     engines: { node: '>=0.10' },
36 silly install resolved     gypfile: true,
36 silly install resolved     bugs: { url: 'https://github.com/peterbraden/node-opencv/issues' },
36 silly install resolved     homepage: 'https://github.com/peterbraden/node-opencv',
36 silly install resolved     _id: 'opencv@1.0.0',
36 silly install resolved     dist:
36 silly install resolved      { shasum: 'eb74ea8cb3588b4723ac3efd4094257d9cd65388',
36 silly install resolved        tarball: 'http://registry.npmjs.org/opencv/-/opencv-1.0.0.tgz' },
36 silly install resolved     _from: 'opencv@*',
36 silly install resolved     _npmVersion: '1.4.3',
36 silly install resolved     _npmUser: { name: 'peterbraden', email: 'peterbraden@peterbraden.co.uk' },
36 silly install resolved     maintainers: [ [Object] ],
36 silly install resolved     directories: {},
36 silly install resolved     _shasum: 'eb74ea8cb3588b4723ac3efd4094257d9cd65388',
36 silly install resolved     _resolved: 'https://registry.npmjs.org/opencv/-/opencv-1.0.0.tgz',
36 silly install resolved     readme: 'ERROR: No README data found!' } ]
37 info install opencv@1.0.0 into /Users/gazzwi86/Sites/_tests/facetracking
38 info installOne opencv@1.0.0
39 verbose installOne of opencv to /Users/gazzwi86/Sites/_tests/facetracking not in flight; installing
40 verbose lock using /Users/gazzwi86/.npm/_locks/opencv-75857c7b67c99833.lock for /Users/gazzwi86/Sites/_tests/facetracking/node_modules/opencv
41 silly install write writing opencv 1.0.0 to /Users/gazzwi86/Sites/_tests/facetracking/node_modules/opencv
42 silly cache addNamed cb opencv@1.0.0
43 verbose unbuild node_modules/opencv
44 verbose gentlyRm vacuuming /Users/gazzwi86/Sites/_tests/facetracking/node_modules/opencv
45 verbose tar unpack /Users/gazzwi86/.npm/opencv/1.0.0/package.tgz
46 verbose tar unpacking to /Users/gazzwi86/Sites/_tests/facetracking/node_modules/opencv
47 verbose gentlyRm vacuuming /Users/gazzwi86/Sites/_tests/facetracking/node_modules/opencv
48 silly gunzTarPerm modes [ '755', '644' ]
49 silly gunzTarPerm extractEntry package.json
50 silly gunzTarPerm extractEntry .npmignore
51 silly gunzTarPerm extractEntry README.md
52 silly gunzTarPerm extractEntry .binding.gyp.un~
53 silly gunzTarPerm extractEntry ..travis.yml.un~
54 silly gunzTarPerm extractEntry .package.json.un~
55 silly gunzTarPerm extractEntry .travis.yml
56 silly gunzTarPerm extractEntry CHANGELOG.md
57 silly gunzTarPerm extractEntry Dockerfile
58 silly gunzTarPerm extractEntry MIT-LICENSE.txt
59 silly gunzTarPerm extractEntry .CHANGELOG.md.un~
60 silly gunzTarPerm extractEntry binding.gyp
61 silly gunzTarPerm extractEntry data/haarcascade_mcs_eyepair_small.xml
62 silly gunzTarPerm extractEntry data/haarcascade_eye.xml
63 silly gunzTarPerm extractEntry data/haarcascade_frontalface_alt.xml
64 silly gunzTarPerm extractEntry data/haarcascade_frontalface_alt2.xml
65 silly gunzTarPerm extractEntry data/haarcascade_frontalface_alt_tree.xml
66 silly gunzTarPerm extractEntry data/haarcascade_frontalface_default.xml
67 silly gunzTarPerm extractEntry data/haarcascade_fullbody.xml
68 silly gunzTarPerm extractEntry data/haarcascade_lefteye_2splits.xml
69 silly gunzTarPerm extractEntry data/haarcascade_lowerbody.xml
70 silly gunzTarPerm extractEntry data/haarcascade_mcs_eyepair_big.xml
71 silly gunzTarPerm extractEntry data/haarcascade_eye_tree_eyeglasses.xml
72 silly gunzTarPerm extractEntry data/haarcascade_mcs_lefteye.xml
73 silly gunzTarPerm extractEntry data/haarcascade_mcs_mouth.xml
74 silly gunzTarPerm extractEntry data/haarcascade_mcs_nose.xml
75 silly gunzTarPerm extractEntry data/haarcascade_mcs_righteye.xml
76 silly gunzTarPerm extractEntry data/haarcascade_mcs_upperbody.xml
77 silly gunzTarPerm extractEntry data/haarcascade_profileface.xml
78 silly gunzTarPerm extractEntry data/haarcascade_righteye_2splits.xml
79 silly gunzTarPerm extractEntry data/haarcascade_upperbody.xml
80 silly gunzTarPerm extractEntry data/hogcascade_cars_sideview.xml
81 silly gunzTarPerm extractEntry data/lbpcascade_cars_frontbackview.xml
82 silly gunzTarPerm extractEntry examples/warp-image.js
83 silly gunzTarPerm extractEntry examples/take-face-pics.js
84 silly gunzTarPerm extractEntry examples/salt.js
85 silly gunzTarPerm extractEntry examples/color-filter.js
86 silly gunzTarPerm extractEntry examples/contours.js
87 silly gunzTarPerm extractEntry examples/car-detection.js
88 silly gunzTarPerm extractEntry examples/detect-shapes.js
89 silly gunzTarPerm extractEntry examples/addweighted.js
90 silly gunzTarPerm extractEntry examples/face-detection.js
91 silly gunzTarPerm extractEntry examples/face-proxy.js
92 silly gunzTarPerm extractEntry examples/quad-crosses.js
93 silly gunzTarPerm extractEntry examples/camera.js
94 silly gunzTarPerm extractEntry examples/motion-track.js
95 silly gunzTarPerm extractEntry examples/convert-image.js
96 silly gunzTarPerm extractEntry examples/face-detection-rectangle.js
97 silly gunzTarPerm extractEntry examples/make-example-files.sh
98 silly gunzTarPerm extractEntry examples/files/car1.jpg
99 silly gunzTarPerm extractEntry examples/files/car2.jpg
100 silly gunzTarPerm extractEntry examples/files/coin1.jpg
101 silly gunzTarPerm extractEntry examples/files/coin2.jpg
102 silly gunzTarPerm extractEntry examples/files/mona.png
103 silly gunzTarPerm extractEntry examples/files/motion.mov
104 silly gunzTarPerm extractEntry examples/files/over_text.png
105 silly gunzTarPerm extractEntry examples/files/quads.jpg
106 silly gunzTarPerm extractEntry examples/files/shapes.jpg
107 silly gunzTarPerm extractEntry examples/files/stuff.png
108 silly gunzTarPerm extractEntry examples/coin1-with-text.jpg
109 silly gunzTarPerm extractEntry examples/coffeescript/camera.coffee
110 silly gunzTarPerm extractEntry examples/coffeescript/blend-images.coffee
111 silly gunzTarPerm extractEntry examples/coffeescript/camera-face-detection.coffee
112 silly gunzTarPerm extractEntry examples/coffeescript/camera-gausian-effect.coffee
113 silly gunzTarPerm extractEntry examples/coffeescript/camera-gaussian-effect.coffee
114 silly gunzTarPerm extractEntry examples/coffeescript/camera-face-detect-max-frames.coffee
115 silly gunzTarPerm extractEntry examples/coffeescript/haarcascades/haarcascade_frontalface_alt.xml
116 silly gunzTarPerm extractEntry examples/coffeescript/image-basic-shapes.coffee
117 silly gunzTarPerm extractEntry examples/coffeescript/image-load-display.coffee
118 silly gunzTarPerm extractEntry examples/coffeescript/image-load-modify-display.coffee
119 silly gunzTarPerm extractEntry examples/coffeescript/images/linux-logo.png
120 silly gunzTarPerm extractEntry examples/coffeescript/images/mona.png
121 silly gunzTarPerm extractEntry examples/coffeescript/images/windows-logo.png
122 silly gunzTarPerm extractEntry examples/.convert_image.js.un~
123 silly gunzTarPerm extractEntry index.html
124 silly gunzTarPerm extractEntry lib/bindings.js
125 silly gunzTarPerm extractEntry lib/opencv.js
126 silly gunzTarPerm extractEntry lib/.bindings.js.un~
127 silly gunzTarPerm extractEntry .README.md.un~
128 silly gunzTarPerm extractEntry smoke/smoketest.js
129 silly gunzTarPerm extractEntry smoke/smoke.sh
130 silly gunzTarPerm extractEntry src/Constants.h
131 silly gunzTarPerm extractEntry src/.BackgroundSubtractor.cc.un~
132 silly gunzTarPerm extractEntry src/.Contours.cc.un~
133 silly gunzTarPerm extractEntry src/.Contours.h.un~
134 silly gunzTarPerm extractEntry src/.HighGUI.cc.un~
135 silly gunzTarPerm extractEntry src/.Matrix.cc.un~
136 silly gunzTarPerm extractEntry src/.Matrix.h.un~
137 silly gunzTarPerm extractEntry src/.OpenCV.cc.un~
138 silly gunzTarPerm extractEntry src/.VideoCaptureWrap.cc.un~
139 silly gunzTarPerm extractEntry src/BackgroundSubtractor.cc
140 silly gunzTarPerm extractEntry src/BackgroundSubtractor.h
141 silly gunzTarPerm extractEntry src/CamShift.cc
142 silly gunzTarPerm extractEntry src/CamShift.h
143 silly gunzTarPerm extractEntry src/CascadeClassifierWrap.cc
144 silly gunzTarPerm extractEntry src/CascadeClassifierWrap.h
145 silly gunzTarPerm extractEntry src/Constants.cc
146 silly gunzTarPerm extractEntry src/.CascadeClassifierWrap.cc.un~
147 silly gunzTarPerm extractEntry src/Contours.cc
148 silly gunzTarPerm extractEntry src/Contours.h
149 silly gunzTarPerm extractEntry src/FaceRecognizer.cc
150 silly gunzTarPerm extractEntry src/FaceRecognizer.h
151 silly gunzTarPerm extractEntry src/HighGUI.cc
152 silly gunzTarPerm extractEntry src/HighGUI.h
153 silly gunzTarPerm extractEntry src/Matrix.cc
154 silly gunzTarPerm extractEntry src/Matrix.h
155 silly gunzTarPerm extractEntry src/OpenCV.cc
156 silly gunzTarPerm extractEntry src/OpenCV.h
157 silly gunzTarPerm extractEntry src/Point.cc
158 silly gunzTarPerm extractEntry src/Point.h
159 silly gunzTarPerm extractEntry src/VideoCaptureWrap.cc
160 silly gunzTarPerm extractEntry src/VideoCaptureWrap.h
161 silly gunzTarPerm extractEntry src/init.cc
162 silly gunzTarPerm extractEntry test/unit.js
163 info preinstall opencv@1.0.0
164 silly prepareForInstallMany adding buffers@0.1.1 from opencv dependencies
165 silly prepareForInstallMany adding nan@^1.3.0 from opencv dependencies
166 silly cache add args [ 'buffers@0.1.1', null ]
167 verbose cache add spec buffers@0.1.1
168 silly cache add args [ 'nan@^1.3.0', null ]
169 verbose cache add spec nan@^1.3.0
170 silly cache add parsed spec { raw: 'buffers@0.1.1',
170 silly cache add   scope: null,
170 silly cache add   name: 'buffers',
170 silly cache add   rawSpec: '0.1.1',
170 silly cache add   spec: '0.1.1',
170 silly cache add   type: 'version' }
171 verbose addNamed buffers@0.1.1
172 silly addNamed semver.valid 0.1.1
173 silly addNamed semver.validRange 0.1.1
174 verbose mapToRegistry name buffers
175 verbose mapToRegistry uri https://registry.npmjs.org/buffers
176 verbose addNameVersion registry:https://registry.npmjs.org/buffers not in flight; fetching
177 silly cache add parsed spec { raw: 'nan@^1.3.0',
177 silly cache add   scope: null,
177 silly cache add   name: 'nan',
177 silly cache add   rawSpec: '^1.3.0',
177 silly cache add   spec: '>=1.3.0 <2.0.0',
177 silly cache add   type: 'range' }
178 verbose addNamed nan@>=1.3.0 <2.0.0
179 silly addNamed semver.valid null
180 silly addNamed semver.validRange >=1.3.0 <2.0.0
181 silly addNameRange { name: 'nan', range: '>=1.3.0 <2.0.0', hasData: false }
182 verbose mapToRegistry name nan
183 verbose mapToRegistry uri https://registry.npmjs.org/nan
184 verbose addNameRange registry:https://registry.npmjs.org/nan not in flight; fetching
185 verbose request on initialization, where is /buffers
186 verbose request after pass 1, where is /buffers
187 verbose request url raw /buffers
188 verbose request resolving registry [ 'https://registry.npmjs.org/', './buffers' ]
189 verbose request after pass 2, where is https://registry.npmjs.org/buffers
190 verbose request no auth needed
191 info attempt registry request try #1 at 18:11:58
192 verbose etag "BX7FB40UUO73GSMT23TN7Q6ZS"
193 http request GET https://registry.npmjs.org/buffers
194 verbose request on initialization, where is /nan
195 verbose request after pass 1, where is /nan
196 verbose request url raw /nan
197 verbose request resolving registry [ 'https://registry.npmjs.org/', './nan' ]
198 verbose request after pass 2, where is https://registry.npmjs.org/nan
199 verbose request no auth needed
200 info attempt registry request try #1 at 18:11:58
201 verbose etag "AT2XJNDBWQ2S97BEVICH8DLJ7"
202 http request GET https://registry.npmjs.org/nan
203 http 304 https://registry.npmjs.org/buffers
204 silly registry.get cb [ 304,
204 silly registry.get   { date: 'Tue, 04 Nov 2014 18:11:59 GMT',
204 silly registry.get     server: 'Apache',
204 silly registry.get     via: '1.1 varnish',
204 silly registry.get     'last-modified': 'Tue, 04 Nov 2014 18:11:59 GMT',
204 silly registry.get     'cache-control': 'max-age=60',
204 silly registry.get     etag: '"BX7FB40UUO73GSMT23TN7Q6ZS"',
204 silly registry.get     age: '46',
204 silly registry.get     'x-served-by': 'cache-lcy1128-LCY',
204 silly registry.get     'x-cache': 'HIT',
204 silly registry.get     'x-cache-hits': '1',
204 silly registry.get     'x-timer': 'S1415124719.700425,VS0,VE0',
204 silly registry.get     vary: 'Accept',
204 silly registry.get     'content-length': '0',
204 silly registry.get     'keep-alive': 'timeout=10, max=50',
204 silly registry.get     connection: 'Keep-Alive' } ]
205 verbose etag https://registry.npmjs.org/buffers from cache
206 http 304 https://registry.npmjs.org/nan
207 silly registry.get cb [ 304,
207 silly registry.get   { date: 'Tue, 04 Nov 2014 18:11:59 GMT',
207 silly registry.get     server: 'Apache',
207 silly registry.get     via: '1.1 varnish',
207 silly registry.get     'last-modified': 'Tue, 04 Nov 2014 18:11:49 GMT',
207 silly registry.get     'cache-control': 'max-age=60',
207 silly registry.get     etag: '"AT2XJNDBWQ2S97BEVICH8DLJ7"',
207 silly registry.get     age: '55',
207 silly registry.get     'x-served-by': 'cache-lcy1121-LCY',
207 silly registry.get     'x-cache': 'HIT',
207 silly registry.get     'x-cache-hits': '2',
207 silly registry.get     'x-timer': 'S1415124719.708920,VS0,VE0',
207 silly registry.get     vary: 'Accept',
207 silly registry.get     'content-length': '0',
207 silly registry.get     'keep-alive': 'timeout=10, max=50',
207 silly registry.get     connection: 'Keep-Alive' } ]
208 verbose etag https://registry.npmjs.org/nan from cache
209 silly addNameRange number 2 { name: 'nan', range: '>=1.3.0 <2.0.0', hasData: true }
210 silly addNameRange versions [ 'nan',
210 silly addNameRange   [ '0.3.0-wip',
210 silly addNameRange     '0.3.0-wip2',
210 silly addNameRange     '0.3.0',
210 silly addNameRange     '0.3.1',
210 silly addNameRange     '0.3.2',
210 silly addNameRange     '0.4.0',
210 silly addNameRange     '0.4.1',
210 silly addNameRange     '0.4.2',
210 silly addNameRange     '0.4.3',
210 silly addNameRange     '0.4.4',
210 silly addNameRange     '0.5.0',
210 silly addNameRange     '0.5.1',
210 silly addNameRange     '0.5.2',
210 silly addNameRange     '0.6.0',
210 silly addNameRange     '0.7.0',
210 silly addNameRange     '0.7.1',
210 silly addNameRange     '0.8.0',
210 silly addNameRange     '1.0.0',
210 silly addNameRange     '1.1.0',
210 silly addNameRange     '1.1.1',
210 silly addNameRange     '1.1.2',
210 silly addNameRange     '1.2.0',
210 silly addNameRange     '1.3.0',
210 silly addNameRange     '1.4.0' ] ]
211 verbose addNamed nan@1.4.0
212 silly addNamed semver.valid 1.4.0
213 silly addNamed semver.validRange 1.4.0
214 silly cache afterAdd nan@1.4.0
215 verbose afterAdd /Users/gazzwi86/.npm/nan/1.4.0/package/package.json not in flight; writing
216 silly cache afterAdd buffers@0.1.1
217 verbose afterAdd /Users/gazzwi86/.npm/buffers/0.1.1/package/package.json not in flight; writing
218 verbose afterAdd /Users/gazzwi86/.npm/buffers/0.1.1/package/package.json written
219 verbose afterAdd /Users/gazzwi86/.npm/nan/1.4.0/package/package.json written
220 silly install resolved [ { name: 'buffers',
220 silly install resolved     description: 'Treat a collection of Buffers as a single contiguous partially mutable Buffer.',
220 silly install resolved     version: '0.1.1',
220 silly install resolved     repository:
220 silly install resolved      { type: 'git',
220 silly install resolved        url: 'git://github.com/substack/node-buffers.git' },
220 silly install resolved     author:
220 silly install resolved      { name: 'James Halliday',
220 silly install resolved        email: 'mail@substack.net',
220 silly install resolved        url: 'http://substack.net' },
220 silly install resolved     main: './index',
220 silly install resolved     scripts: { test: 'expresso' },
220 silly install resolved     engines: { node: '>=0.2.0' },
220 silly install resolved     _npmJsonOpts:
220 silly install resolved      { file: '/home/substack/.npm/buffers/0.1.1/package/package.json',
220 silly install resolved        wscript: false,
220 silly install resolved        contributors: false,
220 silly install resolved        serverjs: false },
220 silly install resolved     _id: 'buffers@0.1.1',
220 silly install resolved     dependencies: {},
220 silly install resolved     devDependencies: {},
220 silly install resolved     _engineSupported: true,
220 silly install resolved     _npmVersion: '1.0.30',
220 silly install resolved     _nodeVersion: 'v0.4.12',
220 silly install resolved     _defaultsLoaded: true,
220 silly install resolved     dist:
220 silly install resolved      { shasum: 'b24579c3bed4d6d396aeee6d9a8ae7f5482ab7bb',
220 silly install resolved        tarball: 'http://registry.npmjs.org/buffers/-/buffers-0.1.1.tgz' },
220 silly install resolved     maintainers: [ [Object] ],
220 silly install resolved     directories: {},
220 silly install resolved     _shasum: 'b24579c3bed4d6d396aeee6d9a8ae7f5482ab7bb',
220 silly install resolved     _resolved: 'https://registry.npmjs.org/buffers/-/buffers-0.1.1.tgz',
220 silly install resolved     _from: 'buffers@0.1.1',
220 silly install resolved     bugs: { url: 'https://github.com/substack/node-buffers/issues' },
220 silly install resolved     readme: 'ERROR: No README data found!',
220 silly install resolved     homepage: 'https://github.com/substack/node-buffers' },
220 silly install resolved   { name: 'nan',
220 silly install resolved     version: '1.4.0',
220 silly install resolved     description: 'Native Abstractions for Node.js: C++ header for Node 0.8->0.12 compatibility',
220 silly install resolved     main: 'include_dirs.js',
220 silly install resolved     repository: { type: 'git', url: 'git://github.com/rvagg/nan.git' },
220 silly install resolved     scripts:
220 silly install resolved      { test: 'tap --gc test/js/*-test.js',
220 silly install resolved        'rebuild-tests': 'node-gyp rebuild --directory test' },
220 silly install resolved     contributors: [ [Object], [Object], [Object], [Object], [Object], [Object] ],
220 silly install resolved     devDependencies:
220 silly install resolved      { bindings: '~1.2.1',
220 silly install resolved        'node-gyp': '~1.0.2',
220 silly install resolved        tap: '~0.4.13',
220 silly install resolved        xtend: '~4.0.0' },
220 silly install resolved     license: 'MIT',
220 silly install resolved     gitHead: '7eb51725bc0aae4de3cebe3554df304f36fb074c',
220 silly install resolved     bugs: { url: 'https://github.com/rvagg/nan/issues' },
220 silly install resolved     homepage: 'https://github.com/rvagg/nan',
220 silly install resolved     _id: 'nan@1.4.0',
220 silly install resolved     _shasum: 'd49a8e21da02b88f8b175a5300bdfd5e9a5d5362',
220 silly install resolved     _from: 'nan@>=1.3.0 <2.0.0',
220 silly install resolved     _npmVersion: '1.4.28',
220 silly install resolved     _npmUser: { name: 'rvagg', email: 'rod@vagg.org' },
220 silly install resolved     maintainers: [ [Object] ],
220 silly install resolved     dist:
220 silly install resolved      { shasum: 'd49a8e21da02b88f8b175a5300bdfd5e9a5d5362',
220 silly install resolved        tarball: 'http://registry.npmjs.org/nan/-/nan-1.4.0.tgz' },
220 silly install resolved     directories: {},
220 silly install resolved     _resolved: 'https://registry.npmjs.org/nan/-/nan-1.4.0.tgz',
220 silly install resolved     readme: 'ERROR: No README data found!' } ]
221 info install buffers@0.1.1 into /Users/gazzwi86/Sites/_tests/facetracking/node_modules/opencv
222 info install nan@1.4.0 into /Users/gazzwi86/Sites/_tests/facetracking/node_modules/opencv
223 info installOne buffers@0.1.1
224 verbose installOne of buffers to /Users/gazzwi86/Sites/_tests/facetracking/node_modules/opencv not in flight; installing
225 info installOne nan@1.4.0
226 verbose installOne of nan to /Users/gazzwi86/Sites/_tests/facetracking/node_modules/opencv not in flight; installing
227 verbose lock using /Users/gazzwi86/.npm/_locks/buffers-ef3b035812337ed8.lock for /Users/gazzwi86/Sites/_tests/facetracking/node_modules/opencv/node_modules/buffers
228 verbose lock using /Users/gazzwi86/.npm/_locks/nan-39876eccb5ecda78.lock for /Users/gazzwi86/Sites/_tests/facetracking/node_modules/opencv/node_modules/nan
229 silly install write writing buffers 0.1.1 to /Users/gazzwi86/Sites/_tests/facetracking/node_modules/opencv/node_modules/buffers
230 silly cache addNamed cb buffers@0.1.1
231 verbose unbuild node_modules/opencv/node_modules/buffers
232 silly install write writing nan 1.4.0 to /Users/gazzwi86/Sites/_tests/facetracking/node_modules/opencv/node_modules/nan
233 silly cache addNamed cb nan@1.4.0
234 verbose unbuild node_modules/opencv/node_modules/nan
235 verbose gentlyRm vacuuming /Users/gazzwi86/Sites/_tests/facetracking/node_modules/opencv/node_modules/buffers
236 verbose gentlyRm vacuuming /Users/gazzwi86/Sites/_tests/facetracking/node_modules/opencv/node_modules/nan
237 verbose tar unpack /Users/gazzwi86/.npm/buffers/0.1.1/package.tgz
238 verbose tar unpacking to /Users/gazzwi86/Sites/_tests/facetracking/node_modules/opencv/node_modules/buffers
239 verbose gentlyRm vacuuming /Users/gazzwi86/Sites/_tests/facetracking/node_modules/opencv/node_modules/buffers
240 verbose tar unpack /Users/gazzwi86/.npm/nan/1.4.0/package.tgz
241 verbose tar unpacking to /Users/gazzwi86/Sites/_tests/facetracking/node_modules/opencv/node_modules/nan
242 verbose gentlyRm vacuuming /Users/gazzwi86/Sites/_tests/facetracking/node_modules/opencv/node_modules/nan
243 silly gunzTarPerm modes [ '755', '644' ]
244 silly gunzTarPerm modes [ '755', '644' ]
245 silly gunzTarPerm extractEntry index.js
246 silly gunzTarPerm extractEntry package.json
247 silly gunzTarPerm extractEntry package.json
248 silly gunzTarPerm extractEntry README.markdown
249 silly gunzTarPerm extractEntry README.md
250 silly gunzTarPerm extractEntry include_dirs.js
251 silly gunzTarPerm extractEntry appveyor.yml
252 silly gunzTarPerm extractEntry LICENSE.md
253 silly gunzTarPerm extractEntry .dntrc
254 silly gunzTarPerm extractEntry examples/slice.js
255 silly gunzTarPerm extractEntry examples/splice.js
256 silly gunzTarPerm extractEntry test/buffers.js
257 silly gunzTarPerm extractEntry nan.h
258 silly gunzTarPerm extractEntry CHANGELOG.md
259 info preinstall buffers@0.1.1
260 silly install resolved []
261 verbose about to build /Users/gazzwi86/Sites/_tests/facetracking/node_modules/opencv/node_modules/buffers
262 info build /Users/gazzwi86/Sites/_tests/facetracking/node_modules/opencv/node_modules/buffers
263 verbose linkStuff [ false,
263 verbose linkStuff   false,
263 verbose linkStuff   false,
263 verbose linkStuff   '/Users/gazzwi86/Sites/_tests/facetracking/node_modules/opencv/node_modules' ]
264 info linkStuff buffers@0.1.1
265 verbose linkBins buffers@0.1.1
266 verbose linkMans buffers@0.1.1
267 verbose rebuildBundles buffers@0.1.1
268 info install buffers@0.1.1
269 info postinstall buffers@0.1.1
270 verbose unlock done using /Users/gazzwi86/.npm/_locks/buffers-ef3b035812337ed8.lock for /Users/gazzwi86/Sites/_tests/facetracking/node_modules/opencv/node_modules/buffers
271 info preinstall nan@1.4.0
272 silly install resolved []
273 verbose about to build /Users/gazzwi86/Sites/_tests/facetracking/node_modules/opencv/node_modules/nan
274 info build /Users/gazzwi86/Sites/_tests/facetracking/node_modules/opencv/node_modules/nan
275 verbose linkStuff [ false,
275 verbose linkStuff   false,
275 verbose linkStuff   false,
275 verbose linkStuff   '/Users/gazzwi86/Sites/_tests/facetracking/node_modules/opencv/node_modules' ]
276 info linkStuff nan@1.4.0
277 verbose linkBins nan@1.4.0
278 verbose linkMans nan@1.4.0
279 verbose rebuildBundles nan@1.4.0
280 info install nan@1.4.0
281 info postinstall nan@1.4.0
282 verbose unlock done using /Users/gazzwi86/.npm/_locks/nan-39876eccb5ecda78.lock for /Users/gazzwi86/Sites/_tests/facetracking/node_modules/opencv/node_modules/nan
283 verbose about to build /Users/gazzwi86/Sites/_tests/facetracking/node_modules/opencv
284 info build /Users/gazzwi86/Sites/_tests/facetracking/node_modules/opencv
285 verbose linkStuff [ false,
285 verbose linkStuff   false,
285 verbose linkStuff   false,
285 verbose linkStuff   '/Users/gazzwi86/Sites/_tests/facetracking/node_modules' ]
286 info linkStuff opencv@1.0.0
287 verbose linkBins opencv@1.0.0
288 verbose linkMans opencv@1.0.0
289 verbose rebuildBundles opencv@1.0.0
290 verbose rebuildBundles [ 'buffers', 'nan' ]
291 info install opencv@1.0.0
292 verbose unsafe-perm in lifecycle true
293 info opencv@1.0.0 Failed to exec install script
294 verbose unlock done using /Users/gazzwi86/.npm/_locks/opencv-75857c7b67c99833.lock for /Users/gazzwi86/Sites/_tests/facetracking/node_modules/opencv
295 verbose stack Error: opencv@1.0.0 install: `node-gyp rebuild`
295 verbose stack Exit status 1
295 verbose stack     at ChildProcess.<anonymous> (/usr/local/lib/node_modules/npm/lib/utils/lifecycle.js:212:16)
295 verbose stack     at ChildProcess.emit (events.js:98:17)
295 verbose stack     at maybeClose (child_process.js:756:16)
295 verbose stack     at Process.ChildProcess._handle.onexit (child_process.js:823:5)
296 verbose pkgid opencv@1.0.0
297 verbose cwd /Users/gazzwi86/Sites/_tests/facetracking
298 error Darwin 14.0.0
299 error argv "node" "/usr/local/bin/npm" "install" "opencv"
300 error node v0.10.33
301 error npm  v2.1.5
302 error code ELIFECYCLE
303 error opencv@1.0.0 install: `node-gyp rebuild`
303 error Exit status 1
304 error Failed at the opencv@1.0.0 install script.
304 error This is most likely a problem with the opencv package,
304 error not with npm itself.
304 error Tell the author that this fails on your system:
304 error     node-gyp rebuild
304 error You can get their info via:
304 error     npm owner ls opencv
304 error There is likely additional logging output above.
305 verbose exit [ 1, true ]
306 verbose unbuild node_modules/opencv
307 info preuninstall opencv@1.0.0
308 info uninstall opencv@1.0.0
309 verbose unbuild rmStuff opencv@1.0.0 from /Users/gazzwi86/Sites/_tests/facetracking/node_modules
310 info postuninstall opencv@1.0.0
311 verbose gentlyRm vacuuming /Users/gazzwi86/Sites/_tests/facetracking/node_modules/opencv
312 silly gentlyRm purging /Users/gazzwi86/Sites/_tests/facetracking/node_modules/opencv
313 silly gentlyRm removing /Users/gazzwi86/Sites/_tests/facetracking/node_modules
314 silly gentlyRm quitting because other entries in /Users/gazzwi86/Sites/_tests/facetracking
